# JRE version: OpenJDK Runtime Environment (17.0.9) (build 17.0.9+0--11185874)
# Java VM: OpenJDK 64-Bit Server VM (17.0.9+0--11185874, mixed mode, tiered, compressed oops, compressed class ptrs, g1 gc, windows-amd64)
GC Precious Log:
 CPUs: 4 total, 4 available
 Memory: 10126M
 Large Page Support: Disabled
 NUMA Support: Disabled
 Compressed Oops: Enabled (32-bit)
 Heap Region Size: 1M
 Heap Min Capacity: 8M
 Heap Initial Capacity: 160M
 Heap Max Capacity: 2G
 Pre-touch: Disabled
 Parallel Workers: 4
 Concurrent Workers: 1
 Concurrent Refinement Workers: 4
 Periodic GC: Disabled
Heap:
 garbage-first heap   total 403456K, used 123147K [0x0000000080000000, 0x0000000100000000)
  region size 1024K, 1 young (1024K), 1 survivors (1024K)
 Metaspace       used 124251K, committed 125760K, reserved 1179648K
  class space    used 17049K, committed 17792K, reserved 1048576K
GC Heap History (20 events):
Event: 7005.943 GC heap after
{Heap after GC invocations=86 (full 0):
 garbage-first heap   total 389120K, used 111230K [0x0000000080000000, 0x0000000100000000)
  region size 1024K, 3 young (3072K), 3 survivors (3072K)
 Metaspace       used 124048K, committed 125760K, reserved 1179648K
  class space    used 17051K, committed 17792K, reserved 1048576K
}
Event: 7008.805 GC heap before
{Heap before GC invocations=86 (full 0):
 garbage-first heap   total 389120K, used 126590K [0x0000000080000000, 0x0000000100000000)
  region size 1024K, 19 young (19456K), 3 survivors (3072K)
 Metaspace       used 124049K, committed 125760K, reserved 1179648K
  class space    used 17051K, committed 17792K, reserved 1048576K
}
Event: 7008.991 GC heap after
{Heap after GC invocations=87 (full 0):
 garbage-first heap   total 389120K, used 111964K [0x0000000080000000, 0x0000000100000000)
  region size 1024K, 3 young (3072K), 3 survivors (3072K)
 Metaspace       used 124049K, committed 125760K, reserved 1179648K
  class space    used 17051K, committed 17792K, reserved 1048576K
}
Event: 7009.665 GC heap before
{Heap before GC invocations=87 (full 0):
 garbage-first heap   total 389120K, used 128348K [0x0000000080000000, 0x0000000100000000)
  region size 1024K, 19 young (19456K), 3 survivors (3072K)
 Metaspace       used 124086K, committed 125760K, reserved 1179648K
  class space    used 17052K, committed 17792K, reserved 1048576K
}
Event: 7010.083 GC heap after
{Heap after GC invocations=88 (full 0):
 garbage-first heap   total 892928K, used 112640K [0x0000000080000000, 0x0000000100000000)
  region size 1024K, 3 young (3072K), 3 survivors (3072K)
 Metaspace       used 124086K, committed 125760K, reserved 1179648K
  class space    used 17052K, committed 17792K, reserved 1048576K
}
Event: 7013.848 GC heap before
{Heap before GC invocations=88 (full 0):
 garbage-first heap   total 892928K, used 153600K [0x0000000080000000, 0x0000000100000000)
  region size 1024K, 43 young (44032K), 3 survivors (3072K)
 Metaspace       used 124145K, committed 125760K, reserved 1179648K
  class space    used 17053K, committed 17792K, reserved 1048576K
}
Event: 7013.970 GC heap after
{Heap after GC invocations=89 (full 0):
 garbage-first heap   total 892928K, used 117902K [0x0000000080000000, 0x0000000100000000)
  region size 1024K, 6 young (6144K), 6 survivors (6144K)
 Metaspace       used 124145K, committed 125760K, reserved 1179648K
  class space    used 17053K, committed 17792K, reserved 1048576K
}
Event: 7281.868 GC heap before
{Heap before GC invocations=90 (full 0):
 garbage-first heap   total 403456K, used 130190K [0x0000000080000000, 0x0000000100000000)
  region size 1024K, 19 young (19456K), 6 survivors (6144K)
 Metaspace       used 124124K, committed 125760K, reserved 1179648K
  class space    used 17047K, committed 17792K, reserved 1048576K
}
Event: 7282.746 GC heap after
{Heap after GC invocations=91 (full 0):
 garbage-first heap   total 403456K, used 119135K [0x0000000080000000, 0x0000000100000000)
  region size 1024K, 2 young (2048K), 2 survivors (2048K)
 Metaspace       used 124124K, committed 125760K, reserved 1179648K
  class space    used 17047K, committed 17792K, reserved 1048576K
}
Event: 7286.330 GC heap before
{Heap before GC invocations=91 (full 0):
 garbage-first heap   total 403456K, used 136543K [0x0000000080000000, 0x0000000100000000)
  region size 1024K, 19 young (19456K), 2 survivors (2048K)
 Metaspace       used 124131K, committed 125760K, reserved 1179648K
  class space    used 17047K, committed 17792K, reserved 1048576K
}
Event: 7286.393 GC heap after
{Heap after GC invocations=92 (full 0):
 garbage-first heap   total 403456K, used 119309K [0x0000000080000000, 0x0000000100000000)
  region size 1024K, 3 young (3072K), 3 survivors (3072K)
 Metaspace       used 124131K, committed 125760K, reserved 1179648K
  class space    used 17047K, committed 17792K, reserved 1048576K
}
Event: 7290.169 GC heap before
{Heap before GC invocations=92 (full 0):
 garbage-first heap   total 403456K, used 135693K [0x0000000080000000, 0x0000000100000000)
  region size 1024K, 19 young (19456K), 3 survivors (3072K)
 Metaspace       used 124137K, committed 125760K, reserved 1179648K
  class space    used 17047K, committed 17792K, reserved 1048576K
}
Event: 7290.803 GC heap after
{Heap after GC invocations=93 (full 0):
 garbage-first heap   total 403456K, used 118256K [0x0000000080000000, 0x0000000100000000)
  region size 1024K, 2 young (2048K), 2 survivors (2048K)
 Metaspace       used 124137K, committed 125760K, reserved 1179648K
  class space    used 17047K, committed 17792K, reserved 1048576K
}
Event: 7293.004 GC heap before
{Heap before GC invocations=93 (full 0):
 garbage-first heap   total 403456K, used 135664K [0x0000000080000000, 0x0000000100000000)
  region size 1024K, 19 young (19456K), 2 survivors (2048K)
 Metaspace       used 124190K, committed 125760K, reserved 1179648K
  class space    used 17048K, committed 17792K, reserved 1048576K
}
Event: 7293.021 GC heap after
{Heap after GC invocations=94 (full 0):
 garbage-first heap   total 403456K, used 120774K [0x0000000080000000, 0x0000000100000000)
  region size 1024K, 3 young (3072K), 3 survivors (3072K)
 Metaspace       used 124190K, committed 125760K, reserved 1179648K
  class space    used 17048K, committed 17792K, reserved 1048576K
}
Event: 7298.515 GC heap before
{Heap before GC invocations=94 (full 0):
 garbage-first heap   total 403456K, used 136134K [0x0000000080000000, 0x0000000100000000)
  region size 1024K, 19 young (19456K), 3 survivors (3072K)
 Metaspace       used 124218K, committed 125760K, reserved 1179648K
  class space    used 17049K, committed 17792K, reserved 1048576K
}
Event: 7299.256 GC heap after
{Heap after GC invocations=95 (full 0):
 garbage-first heap   total 403456K, used 121788K [0x0000000080000000, 0x0000000100000000)
  region size 1024K, 3 young (3072K), 3 survivors (3072K)
 Metaspace       used 124218K, committed 125760K, reserved 1179648K
  class space    used 17049K, committed 17792K, reserved 1048576K
}
Event: 7299.993 GC heap before
{Heap before GC invocations=95 (full 0):
 garbage-first heap   total 403456K, used 137148K [0x0000000080000000, 0x0000000100000000)
  region size 1024K, 19 young (19456K), 3 survivors (3072K)
 Metaspace       used 124234K, committed 125760K, reserved 1179648K
  class space    used 17049K, committed 17792K, reserved 1048576K
}
Event: 7300.866 GC heap after
{Heap after GC invocations=96 (full 0):
 garbage-first heap   total 403456K, used 122368K [0x0000000080000000, 0x0000000100000000)
  region size 1024K, 2 young (2048K), 2 survivors (2048K)
 Metaspace       used 124234K, committed 125760K, reserved 1179648K
  class space    used 17049K, committed 17792K, reserved 1048576K
}
Event: 7607.557 GC heap before
{Heap before GC invocations=96 (full 0):
 garbage-first heap   total 403456K, used 139776K [0x0000000080000000, 0x0000000100000000)
  region size 1024K, 19 young (19456K), 2 survivors (2048K)
 Metaspace       used 124251K, committed 125760K, reserved 1179648K
  class space    used 17049K, committed 17792K, reserved 1048576K
}

